SF:lib/models/item_suggestion.dart
DA:14,1
DA:27,1
DA:28,1
DA:29,1
DA:30,1
DA:31,1
DA:32,1
DA:33,1
DA:34,1
DA:35,2
DA:36,1
DA:37,1
DA:38,1
DA:42,1
DA:43,1
DA:44,1
DA:45,1
DA:46,1
DA:47,1
DA:48,1
DA:49,2
DA:50,2
DA:51,1
DA:52,2
DA:53,2
DA:57,0
DA:69,0
DA:70,0
DA:71,0
DA:72,0
DA:73,0
DA:74,0
DA:75,0
DA:76,0
DA:77,0
DA:78,0
DA:79,0
DA:96,0
DA:108,0
DA:109,0
DA:110,0
DA:111,0
DA:114,0
DA:115,0
DA:116,0
DA:117,0
DA:118,0
DA:119,0
DA:122,0
DA:123,0
DA:127,0
DA:128,0
DA:129,0
DA:130,0
DA:131,0
DA:132,0
DA:133,0
DA:134,0
DA:135,0
DA:136,0
DA:137,0
DA:141,0
DA:142,0
DA:143,0
DA:144,0
DA:145,0
DA:146,0
DA:147,0
DA:148,0
DA:149,0
DA:150,0
DA:152,0
DA:153,0
LF:73
LH:25
end_of_record
SF:lib/services/list_groups_service.dart
DA:7,3
DA:8,3
DA:11,1
DA:13,1
DA:14,0
DA:16,0
DA:18,0
DA:19,0
DA:20,0
DA:21,0
DA:22,0
DA:24,0
DA:27,0
DA:29,1
DA:32,2
DA:42,1
DA:44,1
DA:46,0
DA:50,1
DA:53,2
DA:64,1
DA:68,1
DA:70,0
DA:76,0
DA:80,1
DA:83,2
DA:93,1
DA:97,1
DA:98,0
DA:99,0
DA:104,1
DA:107,2
DA:118,1
DA:122,1
DA:123,0
DA:124,0
DA:129,1
DA:132,2
DA:143,1
DA:146,1
DA:148,0
DA:152,1
DA:155,2
DA:166,1
DA:168,1
DA:170,0
DA:171,0
DA:173,0
DA:177,0
DA:180,1
DA:183,2
DA:193,0
DA:195,0
DA:198,0
DA:199,0
DA:200,0
DA:201,0
DA:202,0
DA:203,0
DA:205,0
DA:207,0
DA:208,0
DA:215,1
DA:216,1
DA:218,0
DA:221,0
DA:222,0
DA:223,0
DA:224,0
DA:225,0
DA:229,0
DA:230,0
DA:232,0
DA:235,0
DA:236,0
DA:237,0
DA:238,0
DA:239,0
DA:240,0
DA:242,0
DA:243,0
DA:244,0
DA:245,0
DA:249,0
DA:250,0
DA:251,0
DA:252,0
DA:256,0
DA:257,0
DA:258,0
DA:265,0
DA:266,0
DA:268,0
DA:275,0
DA:276,0
DA:278,0
DA:279,0
DA:280,0
DA:281,0
DA:282,0
DA:283,0
DA:285,0
DA:288,0
DA:289,0
DA:293,0
DA:294,0
DA:296,0
DA:297,0
DA:302,0
DA:303,0
DA:304,0
DA:305,0
DA:306,0
DA:307,0
DA:308,0
DA:311,0
DA:312,0
DA:315,0
DA:316,0
DA:317,0
DA:319,0
DA:320,0
DA:322,0
DA:323,0
DA:326,0
DA:327,0
DA:328,0
DA:329,0
DA:332,0
DA:334,0
DA:335,0
DA:339,0
DA:340,0
DA:344,0
DA:345,0
DA:346,0
DA:350,0
DA:354,0
DA:356,0
DA:357,0
DA:360,0
DA:361,0
DA:362,0
DA:363,0
DA:366,0
DA:368,0
DA:369,0
DA:371,0
DA:372,0
DA:373,0
DA:375,0
DA:378,0
DA:379,0
DA:382,0
DA:383,0
DA:386,0
DA:389,0
DA:390,0
DA:391,0
DA:395,0
DA:399,0
DA:401,0
DA:405,0
DA:406,0
DA:407,0
DA:408,0
DA:411,0
DA:412,0
DA:413,0
DA:414,0
DA:416,0
DA:419,0
DA:422,0
DA:423,0
DA:424,0
DA:426,0
DA:428,0
DA:429,0
DA:430,0
DA:431,0
DA:433,0
DA:441,0
DA:444,0
DA:447,0
DA:455,0
DA:457,0
DA:461,0
DA:462,0
DA:463,0
DA:464,0
DA:466,0
DA:467,0
DA:468,0
DA:475,0
DA:478,0
DA:487,0
DA:489,0
DA:490,0
DA:493,0
DA:494,0
DA:495,0
DA:496,0
DA:499,0
DA:501,0
DA:502,0
DA:503,0
DA:506,0
DA:507,0
DA:509,0
DA:513,0
DA:518,0
DA:521,0
DA:522,0
DA:523,0
DA:527,0
DA:529,0
DA:530,0
DA:531,0
DA:532,0
DA:534,0
DA:538,0
DA:539,0
DA:540,0
DA:545,0
DA:546,0
DA:550,0
DA:553,0
DA:554,0
DA:555,0
DA:556,0
DA:557,0
DA:558,0
DA:560,0
DA:562,0
DA:563,0
DA:564,0
DA:570,0
DA:571,0
DA:576,0
DA:579,0
LF:240
LH:32
end_of_record
SF:lib/services/item_categories_service.dart
DA:5,3
DA:6,3
DA:9,1
DA:10,1
DA:11,0
DA:12,0
DA:13,0
DA:14,0
DA:15,0
DA:19,1
DA:24,1
DA:27,0
DA:28,0
DA:29,0
DA:30,0
DA:31,0
DA:33,0
DA:35,0
DA:36,0
DA:37,0
DA:38,0
DA:39,0
DA:43,0
DA:44,0
DA:47,0
DA:51,1
DA:56,1
DA:57,0
DA:58,0
DA:59,0
DA:60,0
DA:61,0
DA:65,1
DA:67,1
DA:68,0
DA:69,0
DA:70,0
DA:71,0
DA:72,0
DA:74,0
DA:75,0
DA:76,0
DA:80,0
DA:81,0
DA:82,0
DA:83,0
DA:84,0
DA:86,0
DA:90,1
DA:91,1
DA:92,1
DA:97,1
DA:102,1
DA:107,1
DA:116,1
DA:117,1
DA:118,0
DA:119,0
DA:121,0
DA:122,0
DA:123,0
DA:124,0
DA:125,0
DA:126,0
DA:128,0
DA:130,0
DA:131,0
DA:132,0
DA:136,0
LF:69
LH:18
end_of_record
SF:lib/services/connectivity_service.dart
DA:8,3
DA:9,2
DA:10,1
DA:21,2
DA:22,2
DA:23,2
DA:24,3
DA:27,0
DA:30,0
DA:31,0
DA:34,0
DA:35,0
DA:38,0
DA:42,0
DA:44,0
DA:45,0
DA:46,0
DA:51,0
DA:53,0
DA:56,0
DA:57,0
DA:58,0
DA:59,0
DA:60,0
DA:61,0
DA:62,0
DA:63,0
DA:64,0
DA:67,0
DA:68,0
DA:72,0
DA:75,0
DA:76,0
DA:81,0
DA:82,0
DA:83,0
DA:87,0
DA:88,0
DA:89,0
DA:92,0
DA:100,0
DA:102,0
DA:105,0
DA:112,0
DA:113,0
DA:117,1
DA:118,1
DA:119,2
LF:48
LH:10
end_of_record
SF:lib/widgets/offline_dialog.dart
DA:8,0
DA:13,0
DA:14,0
DA:17,0
DA:18,0
DA:20,0
DA:29,0
DA:31,0
DA:33,0
DA:39,0
DA:40,0
DA:41,0
DA:42,0
DA:47,0
DA:49,0
DA:50,0
DA:53,0
DA:55,0
DA:57,0
DA:59,0
DA:62,0
DA:64,0
DA:69,0
DA:71,0
DA:76,0
DA:79,0
DA:80,0
DA:81,0
DA:83,0
DA:89,0
DA:92,0
DA:99,0
DA:100,0
DA:101,0
LF:34
LH:0
end_of_record
SF:lib/services/google_auth.dart
DA:13,3
DA:14,0
DA:15,3
DA:16,0
DA:23,1
DA:29,0
DA:34,2
DA:39,0
DA:43,2
DA:45,1
DA:51,0
DA:52,0
DA:55,0
DA:57,0
DA:62,0
DA:68,0
DA:69,0
DA:73,0
DA:81,0
DA:83,0
DA:86,0
DA:87,0
DA:90,0
DA:91,0
DA:98,0
DA:108,0
DA:109,0
DA:113,0
DA:116,0
DA:117,0
DA:121,0
DA:123,0
DA:126,0
DA:129,0
DA:132,0
DA:134,0
DA:136,0
DA:139,0
DA:141,0
DA:143,0
DA:147,0
DA:149,0
DA:156,1
DA:161,0
DA:164,0
DA:167,0
DA:168,0
DA:172,0
DA:173,0
DA:180,0
DA:186,1
DA:189,0
DA:192,0
DA:195,0
DA:196,0
DA:200,0
DA:203,0
DA:204,0
DA:208,0
DA:209,0
DA:214,1
DA:216,0
DA:218,0
DA:222,2
DA:223,2
DA:225,1
DA:232,1
DA:234,1
DA:236,0
DA:238,0
DA:248,0
DA:249,0
DA:252,0
DA:253,0
DA:256,0
DA:261,0
DA:262,0
DA:266,0
DA:271,0
DA:274,0
DA:277,0
DA:279,0
DA:284,0
DA:289,0
DA:291,0
DA:292,0
DA:296,0
DA:304,0
DA:310,0
DA:312,0
DA:313,0
DA:317,0
DA:326,0
DA:328,0
DA:331,0
DA:338,0
DA:346,0
DA:348,0
DA:349,0
DA:353,0
DA:367,0
DA:374,0
DA:379,0
DA:382,0
DA:386,0
DA:387,0
DA:389,0
DA:391,0
DA:393,0
DA:396,0
DA:400,0
DA:402,0
DA:409,1
DA:410,1
DA:412,0
DA:420,0
DA:421,0
DA:425,0
DA:431,0
DA:434,0
DA:438,0
DA:440,0
DA:442,0
DA:446,0
DA:448,0
DA:454,1
DA:456,0
DA:457,1
DA:458,0
DA:462,0
DA:466,2
DA:468,1
DA:474,0
DA:476,0
DA:477,0
DA:480,0
DA:481,0
DA:482,0
DA:483,0
DA:484,0
DA:485,0
DA:490,0
DA:495,0
DA:497,0
DA:503,1
DA:509,1
DA:512,2
DA:513,1
DA:518,0
LF:149
LH:24
end_of_record
SF:lib/services/maintenance_service.dart
DA:7,3
DA:9,1
DA:12,1
DA:14,0
DA:15,0
DA:16,0
DA:17,0
DA:19,0
DA:20,0
DA:21,0
DA:24,0
DA:30,2
DA:31,2
DA:34,1
DA:37,0
DA:38,0
DA:41,0
DA:45,1
DA:46,2
LF:19
LH:8
end_of_record
